<?xml version="1.0" encoding="UTF-8"?>
<!-- Generated by org.testng.reporters.JUnitReportReporter -->
<testsuite hostname="Dhee" failures="0" tests="1" name="testcases.TC003_StockIN" time="9.459" errors="0" timestamp="2023-07-01T08:23:18 IST" skipped="0">
  <testcase classname="testcases.TC003_StockIN" name="newLensStock" time="9.459"/>
  <system-out>
    <![CDATA[successfully clicked StockIn/Purchase Details
New Button clicked successfully
Supplier Selected successfully
Category Selected successfully
Product Selected successfully
Quantity Entered successfully
Cost Price Entered successfully
Selling Price Entered successfully
Lens Type Selected successfully
Lens Index Selected successfully
Lens Material Selected successfully
Lens Coat Selected successfully
Lens Color Selected successfully
Successfully click ok on Lens Details
Successfully Selected Lens Power
Add Button clicked successfully
Click on save button successfully 
Click on Please check your Username. popup]]>
  </system-out>
</testsuite> <!-- testcases.TC003_StockIN -->
