<?xml version="1.0" encoding="UTF-8"?>
<!-- Generated by org.testng.reporters.JUnitReportReporter -->
<testsuite hostname="Dhee" failures="0" tests="1" name="testcasesBO.TC001_StockAcceptance" time="15.290" errors="0" timestamp="2023-07-10T14:10:23 IST" skipped="0">
  <testcase classname="testcasesBO.TC001_StockAcceptance" name="acceptStock" time="15.290"/>
  <system-out>
    <![CDATA[clicked on Navigate to Stock Accetance - General
clicked on Edit
Acceptance checkbox selected
Barcode Returnned
successfully clicked Product Registry Manager
No barcode as such
Clicked on save button successfully 
Clicked on Stock Received Successfully popup
Barcode transfered successfully
successfully clicked Product Registry Manager
Barcode Qty is : 1]]>
  </system-out>
</testsuite> <!-- testcasesBO.TC001_StockAcceptance -->
