<?xml version="1.0" encoding="UTF-8"?>
<!-- Generated by org.testng.reporters.JUnitReportReporter -->
<testsuite hostname="Dhee" failures="0" tests="1" name="testcasesBO.TC001_Orderform" time="48.594" errors="0" timestamp="2023-07-10T13:16:25 IST" skipped="0">
  <testcase classname="testcasesBO.TC001_Orderform" name="order" time="48.594"/>
  <system-out>
    <![CDATA[successfully clicked Order Form
New Button clicked successfully
Mobile number entered successfully
Customer Name entered successfully
Delivery Date entered successfully
Barcode scanned successfully
Scrolled to the bottom
Category Selected
Product Selected
Selected Lens Type
Selected lens Material
Selected lens coating
Quantity Entered
Successfully Selected Lens Power
Add Button clicked successfully
Advance Entered
Selected : Cash
successfully clicked Product Registry Manager
Barcode Qty is : 1000
Click on save button successfully 
Click on Order saved successfully popup
Order no : [[ChromeDriver: chrome on windows (e9c099e36cdf6c053e07a0e2bf6e64f9)] -> xpath: //input[@id='ctl00_ContentPlaceHolder1_txtOrderNo']]
successfully clicked Product Registry Manager
Barcode Qty is : 999
successfully clicked Order Delivery
Found orderno : 35-07
Scrolled to the bottom
Successfully Delivered
Click on Order Delivered Successfully popup
Order no : ]]>
  </system-out>
</testsuite> <!-- testcasesBO.TC001_Orderform -->
