<?xml version="1.0" encoding="UTF-8"?>
<!-- Generated by org.testng.reporters.JUnitReportReporter -->
<testsuite hostname="Dhee" failures="0" tests="2" name="testcases.TC002_StockIN" time="29.931" errors="0" timestamp="2023-06-25T17:03:05 IST" skipped="0">
  <testcase classname="testcases.TC002_StockIN" name="newStockContactLens" time="20.666"/>
  <system-out>
    <![CDATA[successfully clicked StockIn/Purchase Details
New Button clicked successfully
Supplier Selected successfully
Category Selected successfully
Product Selected successfully
Quantity Entered successfully
Cost Price Entered successfully
Selling Price Entered successfully
Contact Lens Model Selected successfully
Contact Lens Tint Selected successfully
Contact Lens Usage Selected successfully
Add Button clicked successfully
Click on save button successfully 
Click on Purchase entry Saved Successfully popup]]>
  </system-out>
  <testcase classname="testcases.TC002_StockIN" name="newStockContactLens" time="9.265"/>
  <system-out>
    <![CDATA[successfully clicked StockIn/Purchase Details
New Button clicked successfully
Supplier Selected successfully
Category Selected successfully
Product Selected successfully
Quantity Entered successfully
Cost Price Entered successfully
Selling Price Entered successfully
Contact Lens Model Selected successfully
Contact Lens Tint Selected successfully
Contact Lens Usage Selected successfully
Add Button clicked successfully
Click on save button successfully 
Click on Purchase entry Saved Successfully popup]]>
  </system-out>
</testsuite> <!-- testcases.TC002_StockIN -->
