<?xml version="1.0" encoding="UTF-8"?>
<!-- Generated by org.testng.reporters.JUnitReportReporter -->
<testsuite hostname="Dhee" failures="0" tests="2" name="testcases.TC001_StockIN" time="39.014" errors="0" timestamp="2023-07-10T14:50:26 IST" skipped="0">
  <testcase classname="testcases.TC001_StockIN" name="newStockGeneral" time="20.947"/>
  <system-out>
    <![CDATA[successfully clicked StockIn/Purchase Details
New Button clicked successfully
Supplier Selected successfully
Category Selected successfully
Product Selected successfully
Model Selected successfully
Color Selected successfully
Material Selected successfully
Design Selected successfully
CLicked OK successfully
Quantity Entered successfully
Cost Price Entered successfully
Selling Price Entered successfully
Add Button clicked successfully
Barcode generated successfully
successfully clicked Product Registry - HO
Barcode Qty is : 60
Click on save button successfully 
Click on Purchase entry Saved Successfully popup
Barcode generated successfully
successfully clicked Product Registry - HO
Barcode Qty is : 72]]>
  </system-out>
  <testcase classname="testcases.TC001_StockIN" name="newStockGeneral" time="18.067"/>
  <system-out>
    <![CDATA[successfully clicked StockIn/Purchase Details
New Button clicked successfully
Supplier Selected successfully
Category Selected successfully
Product Selected successfully
Model Selected successfully
Color Selected successfully
Material Selected successfully
Design Selected successfully
CLicked OK successfully
Quantity Entered successfully
Cost Price Entered successfully
Selling Price Entered successfully
Add Button clicked successfully
Barcode generated successfully
successfully clicked Product Registry - HO
Barcode Qty is : 25
Click on save button successfully 
Click on Purchase entry Saved Successfully popup
Barcode generated successfully
successfully clicked Product Registry - HO
Barcode Qty is : 30]]>
  </system-out>
</testsuite> <!-- testcases.TC001_StockIN -->
