<?xml version="1.0" encoding="UTF-8"?>
<!-- Generated by org.testng.reporters.JUnitReportReporter -->
<testsuite hostname="Dhee" failures="0" tests="1" name="testcases.TC_Login_H002" time="34.026" errors="0" timestamp="2023-06-12T16:33:23 IST" skipped="0">
  <testcase classname="testcases.TC_Login_H002" name="testInvalidLogin" time="34.026"/>
  <system-out>
    <![CDATA[Error message is correct]]>
  </system-out>
</testsuite> <!-- testcases.TC_Login_H002 -->
