<?xml version="1.0" encoding="UTF-8"?>
<!-- Generated by org.testng.reporters.JUnitReportReporter -->
<testsuite hostname="Dhee" failures="0" tests="1" name="testcases.TC_Login_H003" time="1.988" errors="0" timestamp="2023-06-09T07:27:14 IST" skipped="0">
  <testcase classname="testcases.TC_Login_H003" name="testLoginWithoutReset" time="1.988"/>
  <system-out>
    <![CDATA[Alert popup with appropriate message is appearing]]>
  </system-out>
</testsuite> <!-- testcases.TC_Login_H003 -->
