<?xml version="1.0" encoding="UTF-8"?>
<!-- Generated by org.testng.reporters.JUnitReportReporter -->
<testsuite hostname="Dhee" failures="0" tests="1" name="testcasesBO.TC001_TaxInvoice" time="18.173" errors="0" timestamp="2023-07-10T16:11:33 IST" skipped="0">
  <testcase classname="testcasesBO.TC001_TaxInvoice" name="invoice" time="18.173"/>
  <system-out>
    <![CDATA[successfully clicked Cash Bill
New Button clicked successfully
Mobile number entered successfully
Customer Name entered successfully
Barcode scanned successfully
Selected : Cash
successfully clicked Product Registry Manager
Barcode Qty is : 998
Scrolled to the bottom
Click on save button successfully 
Click on Cash Bill saved successfully popup
Csale no : [[ChromeDriver: chrome on windows (683f941099ee1f65b7d581c55a489476)] -> xpath: //input[@id='ctl00_ContentPlaceHolder1_txtBillNo']]
successfully clicked Product Registry Manager
Barcode Qty is : 997]]>
  </system-out>
</testsuite> <!-- testcasesBO.TC001_TaxInvoice -->
