<?xml version="1.0" encoding="UTF-8"?>
<!-- Generated by org.testng.reporters.JUnitReportReporter -->
<testsuite hostname="Dhee" failures="0" tests="1" name="testcases.TC_Login_H005" time="2.002" errors="0" timestamp="2023-06-09T20:37:43 IST" skipped="0">
  <testcase classname="testcases.TC_Login_H005" name="testEmptyPassword" time="2.002"/>
  <system-out>
    <![CDATA[Error message is correct]]>
  </system-out>
</testsuite> <!-- testcases.TC_Login_H005 -->
