<?xml version="1.0" encoding="UTF-8"?>
<!-- Generated by org.testng.reporters.JUnitReportReporter -->
<testsuite hostname="Dhee" failures="0" tests="1" name="testcases.TC_Login_H001" time="12.707" errors="0" timestamp="2023-06-12T06:29:44 IST" skipped="0">
  <testcase classname="testcases.TC_Login_H001" name="testValidLogin" time="12.707"/>
  <system-out/>
</testsuite> <!-- testcases.TC_Login_H001 -->
