<?xml version="1.0" encoding="UTF-8"?>
<!-- Generated by org.testng.reporters.JUnitReportReporter -->
<testsuite hostname="Dhee" failures="0" tests="2" name="testcases.TC001_StockIN" time="15.459" errors="0" timestamp="2023-06-25T16:54:18 IST" skipped="0">
  <testcase classname="testcases.TC001_StockIN" name="newStockGeneral" time="8.923"/>
  <system-out>
    <![CDATA[successfully clicked StockIn/Purchase Details
New Button clicked successfully
Supplier Selected successfully
Category Selected successfully
Product Selected successfully
Model Selected successfully
Color Selected successfully
Material Selected successfully
Design Selected successfully
CLicked OK successfully
Quantity Entered successfully
Cost Price Entered successfully
Selling Price Entered successfully
Add Button clicked successfully
Click on save button successfully 
Click on Purchase entry Saved Successfully popup]]>
  </system-out>
  <testcase classname="testcases.TC001_StockIN" name="newStockGeneral" time="6.536"/>
  <system-out>
    <![CDATA[successfully clicked StockIn/Purchase Details
New Button clicked successfully
Supplier Selected successfully
Category Selected successfully
Product Selected successfully
Model Selected successfully
Color Selected successfully
Material Selected successfully
Design Selected successfully
CLicked OK successfully
Quantity Entered successfully
Cost Price Entered successfully
Selling Price Entered successfully
Add Button clicked successfully
Click on save button successfully 
Click on Purchase entry Saved Successfully popup]]>
  </system-out>
</testsuite> <!-- testcases.TC001_StockIN -->
